Microsoft (R) Macro Assembler Version 5.10 
Copyright (C) Microsoft Corp 1981, 1988.  All rights reserved.

main.ASM(2522): warning A4001: Extra characters on line
main.ASM(2531): warning A4001: Extra characters on line
main.ASM(2538): warning A4001: Extra characters on line
main.ASM(2539): warning A4001: Extra characters on line
main.ASM(2607): warning A4001: Extra characters on line
main.ASM(2616): warning A4001: Extra characters on line
main.ASM(2623): warning A4001: Extra characters on line
main.ASM(2624): warning A4001: Extra characters on line
main.ASM(2692): warning A4001: Extra characters on line
main.ASM(2701): warning A4001: Extra characters on line
main.ASM(2708): warning A4001: Extra characters on line
main.ASM(2709): warning A4001: Extra characters on line
main.ASM(2783): error A2009: Symbol not defined: BULLET_1_MODEL
main.ASM(2905): error A2009: Symbol not defined: BULLET_2_MODEL

   3972 Source  Lines
   6015 Total   Lines
    404 Symbols

  49084 + 387971 Bytes symbol space free

     12 Warning Errors
      2 Severe  Errors
